<?xml version="1.0" encoding="UTF-8"?>
<!-- Generated by org.testng.reporters.JUnitXMLReporter -->
<testsuite ignored="0" hostname="Ashok" failures="0" tests="4" name="Surefire test" time="0.039" errors="0" timestamp="2024-10-17T14:57:59 IST">
  <testcase classname="pratice.CreateContactTest" name="createContactTest" time="0.004"/>
  <testcase classname="pratice.CreateContactTest" name="deleteContactTest" time="0.002"/>
  <testcase classname="pratice.CreateOrgTest" name="createOrgTest" time="0.001"/>
  <testcase classname="pratice.CreateOrgTest" name="deleteOrgTest" time="0.0"/>
</testsuite> <!-- Surefire test -->
