<?xml version="1.0" encoding="UTF-8"?>
<testng-results ignored="0" total="4" passed="4" failed="0" skipped="0">
  <reporter-output>
  </reporter-output>
  <suite started-at="2024-10-17T14:57:59 IST" name="Surefire suite" finished-at="2024-10-17T14:57:59 IST" duration-ms="39">
    <groups>
    </groups>
    <test started-at="2024-10-17T14:57:59 IST" name="Surefire test" finished-at="2024-10-17T14:57:59 IST" duration-ms="39">
      <class name="pratice.CreateContactTest">
        <test-method signature="createContactTest()[pri:0, instance:pratice.CreateContactTest@56de5251]" started-at="2024-10-17T14:57:59 IST" name="createContactTest" finished-at="2024-10-17T14:57:59 IST" duration-ms="4" status="PASS">
          <reporter-output>
          </reporter-output>
        </test-method> <!-- createContactTest -->
        <test-method signature="deleteContactTest()[pri:0, instance:pratice.CreateContactTest@56de5251]" started-at="2024-10-17T14:57:59 IST" name="deleteContactTest" finished-at="2024-10-17T14:57:59 IST" duration-ms="2" status="PASS">
          <reporter-output>
          </reporter-output>
        </test-method> <!-- deleteContactTest -->
      </class> <!-- pratice.CreateContactTest -->
      <class name="pratice.CreateOrgTest">
        <test-method signature="createOrgTest()[pri:0, instance:pratice.CreateOrgTest@159f197]" started-at="2024-10-17T14:57:59 IST" name="createOrgTest" finished-at="2024-10-17T14:57:59 IST" duration-ms="1" status="PASS">
          <reporter-output>
          </reporter-output>
        </test-method> <!-- createOrgTest -->
        <test-method signature="deleteOrgTest()[pri:0, instance:pratice.CreateOrgTest@159f197]" started-at="2024-10-17T14:57:59 IST" name="deleteOrgTest" finished-at="2024-10-17T14:57:59 IST" duration-ms="0" status="PASS">
          <reporter-output>
          </reporter-output>
        </test-method> <!-- deleteOrgTest -->
      </class> <!-- pratice.CreateOrgTest -->
    </test> <!-- Surefire test -->
  </suite> <!-- Surefire suite -->
</testng-results>
